Determining if the pthread_create exist failed with the following output:
Change Dir: /home/lsf/ROS_MBOT_SIM/build/CMakeFiles/CMakeTmp

Run Build Command:"/usr/bin/make" "cmTC_cc442/fast"
make[1]: 进入目录“/home/lsf/ROS_MBOT_SIM/build/CMakeFiles/CMakeTmp”
/usr/bin/make -f CMakeFiles/cmTC_cc442.dir/build.make CMakeFiles/cmTC_cc442.dir/build
make[2]: 进入目录“/home/lsf/ROS_MBOT_SIM/build/CMakeFiles/CMakeTmp”
Building C object CMakeFiles/cmTC_cc442.dir/CheckSymbolExists.c.o
/usr/bin/cc    -o CMakeFiles/cmTC_cc442.dir/CheckSymbolExists.c.o   -c /home/lsf/ROS_MBOT_SIM/build/CMakeFiles/CMakeTmp/CheckSymbolExists.c
Linking C executable cmTC_cc442
/usr/bin/cmake -E cmake_link_script CMakeFiles/cmTC_cc442.dir/link.txt --verbose=1
/usr/bin/cc      -rdynamic CMakeFiles/cmTC_cc442.dir/CheckSymbolExists.c.o  -o cmTC_cc442 
CMakeFiles/cmTC_cc442.dir/CheckSymbolExists.c.o：在函数‘main’中：
CheckSymbolExists.c:(.text+0x1b)：对‘pthread_create’未定义的引用
collect2: error: ld returned 1 exit status
CMakeFiles/cmTC_cc442.dir/build.make:97: recipe for target 'cmTC_cc442' failed
make[2]: *** [cmTC_cc442] Error 1
make[2]: 离开目录“/home/lsf/ROS_MBOT_SIM/build/CMakeFiles/CMakeTmp”
Makefile:126: recipe for target 'cmTC_cc442/fast' failed
make[1]: *** [cmTC_cc442/fast] Error 2
make[1]: 离开目录“/home/lsf/ROS_MBOT_SIM/build/CMakeFiles/CMakeTmp”

File /home/lsf/ROS_MBOT_SIM/build/CMakeFiles/CMakeTmp/CheckSymbolExists.c:
/* */
#include <pthread.h>

int main(int argc, char** argv)
{
  (void)argv;
#ifndef pthread_create
  return ((int*)(&pthread_create))[argc];
#else
  (void)argc;
  return 0;
#endif
}

Determining if the function pthread_create exists in the pthreads failed with the following output:
Change Dir: /home/lsf/ROS_MBOT_SIM/build/CMakeFiles/CMakeTmp

Run Build Command:"/usr/bin/make" "cmTC_3aee8/fast"
make[1]: 进入目录“/home/lsf/ROS_MBOT_SIM/build/CMakeFiles/CMakeTmp”
/usr/bin/make -f CMakeFiles/cmTC_3aee8.dir/build.make CMakeFiles/cmTC_3aee8.dir/build
make[2]: 进入目录“/home/lsf/ROS_MBOT_SIM/build/CMakeFiles/CMakeTmp”
Building C object CMakeFiles/cmTC_3aee8.dir/CheckFunctionExists.c.o
/usr/bin/cc   -DCHECK_FUNCTION_EXISTS=pthread_create   -o CMakeFiles/cmTC_3aee8.dir/CheckFunctionExists.c.o   -c /usr/share/cmake-3.10/Modules/CheckFunctionExists.c
Linking C executable cmTC_3aee8
/usr/bin/cmake -E cmake_link_script CMakeFiles/cmTC_3aee8.dir/link.txt --verbose=1
/usr/bin/cc  -DCHECK_FUNCTION_EXISTS=pthread_create    -rdynamic CMakeFiles/cmTC_3aee8.dir/CheckFunctionExists.c.o  -o cmTC_3aee8 -lpthreads 
/usr/bin/ld: 找不到 -lpthreads
collect2: error: ld returned 1 exit status
CMakeFiles/cmTC_3aee8.dir/build.make:97: recipe for target 'cmTC_3aee8' failed
make[2]: *** [cmTC_3aee8] Error 1
make[2]: 离开目录“/home/lsf/ROS_MBOT_SIM/build/CMakeFiles/CMakeTmp”
Makefile:126: recipe for target 'cmTC_3aee8/fast' failed
make[1]: *** [cmTC_3aee8/fast] Error 2
make[1]: 离开目录“/home/lsf/ROS_MBOT_SIM/build/CMakeFiles/CMakeTmp”


